# JRE version: Java(TM) SE Runtime Environment (8.0_66-b17) (build 1.8.0_66-b17)
# Java VM: Java HotSpot(TM) Client VM (25.66-b17 mixed mode windows-x86 )
Heap:
 def new generation   total 39424K, used 15863K [0x04800000, 0x072c0000, 0x0f2a0000)
  eden space 35072K,  43% used [0x04800000, 0x056d01b8, 0x06a40000)
  from space 4352K,  15% used [0x06a40000, 0x06aedbd0, 0x06e80000)
  to   space 4352K,   0% used [0x06e80000, 0x06e80000, 0x072c0000)
 tenured generation   total 87424K, used 50577K [0x0f2a0000, 0x14800000, 0x24800000)
   the space 87424K,  57% used [0x0f2a0000, 0x124046f8, 0x12404800, 0x14800000)
 Metaspace       used 16330K, capacity 16736K, committed 16768K, reserved 16768K
GC Heap History (10 events):
Event: 79450.313 GC heap before
{Heap before GC invocations=142 (full 1):
 def new generation   total 39424K, used 35689K [0x04800000, 0x072c0000, 0x0f2a0000)
  eden space 35072K, 100% used [0x04800000, 0x06a40000, 0x06a40000)
  from space 4352K,  14% used [0x06e80000, 0x06f1a7a8, 0x072c0000)
  to   space 4352K,   0% used [0x06a40000, 0x06a40000, 0x06e80000)
 tenured generation   total 87424K, used 50577K [0x0f2a0000, 0x14800000, 0x24800000)
   the space 87424K,  57% used [0x0f2a0000, 0x124046f8, 0x12404800, 0x14800000)
 Metaspace       used 16330K, capacity 16736K, committed 16768K, reserved 16768K
Event: 79450.315 GC heap after
Heap after GC invocations=143 (full 1):
 def new generation   total 39424K, used 614K [0x04800000, 0x072c0000, 0x0f2a0000)
  eden space 35072K,   0% used [0x04800000, 0x04800000, 0x06a40000)
  from space 4352K,  14% used [0x06a40000, 0x06ad9980, 0x06e80000)
  to   space 4352K,   0% used [0x06e80000, 0x06e80000, 0x072c0000)
 tenured generation   total 87424K, used 50577K [0x0f2a0000, 0x14800000, 0x24800000)
   the space 87424K,  57% used [0x0f2a0000, 0x124046f8, 0x12404800, 0x14800000)
 Metaspace       used 16330K, capacity 16736K, committed 16768K, reserved 16768K
}
Event: 79697.018 GC heap before
{Heap before GC invocations=143 (full 1):
 def new generation   total 39424K, used 35686K [0x04800000, 0x072c0000, 0x0f2a0000)
  eden space 35072K, 100% used [0x04800000, 0x06a40000, 0x06a40000)
  from space 4352K,  14% used [0x06a40000, 0x06ad9980, 0x06e80000)
  to   space 4352K,   0% used [0x06e80000, 0x06e80000, 0x072c0000)
 tenured generation   total 87424K, used 50577K [0x0f2a0000, 0x14800000, 0x24800000)
   the space 87424K,  57% used [0x0f2a0000, 0x124046f8, 0x12404800, 0x14800000)
 Metaspace       used 16330K, capacity 16736K, committed 16768K, reserved 16768K
Event: 79697.019 GC heap after
Heap after GC invocations=144 (full 1):
 def new generation   total 39424K, used 704K [0x04800000, 0x072c0000, 0x0f2a0000)
  eden space 35072K,   0% used [0x04800000, 0x04800000, 0x06a40000)
  from space 4352K,  16% used [0x06e80000, 0x06f30198, 0x072c0000)
  to   space 4352K,   0% used [0x06a40000, 0x06a40000, 0x06e80000)
 tenured generation   total 87424K, used 50577K [0x0f2a0000, 0x14800000, 0x24800000)
   the space 87424K,  57% used [0x0f2a0000, 0x124046f8, 0x12404800, 0x14800000)
 Metaspace       used 16330K, capacity 16736K, committed 16768K, reserved 16768K
}
Event: 79922.425 GC heap before
{Heap before GC invocations=144 (full 1):
 def new generation   total 39424K, used 35776K [0x04800000, 0x072c0000, 0x0f2a0000)
  eden space 35072K, 100% used [0x04800000, 0x06a40000, 0x06a40000)
  from space 4352K,  16% used [0x06e80000, 0x06f30198, 0x072c0000)
  to   space 4352K,   0% used [0x06a40000, 0x06a40000, 0x06e80000)
 tenured generation   total 87424K, used 50577K [0x0f2a0000, 0x14800000, 0x24800000)
   the space 87424K,  57% used [0x0f2a0000, 0x124046f8, 0x12404800, 0x14800000)
 Metaspace       used 16330K, capacity 16736K, committed 16768K, reserved 16768K
Event: 79922.426 GC heap after
Heap after GC invocations=145 (full 1):
 def new generation   total 39424K, used 654K [0x04800000, 0x072c0000, 0x0f2a0000)
  eden space 35072K,   0% used [0x04800000, 0x04800000, 0x06a40000)
  from space 4352K,  15% used [0x06a40000, 0x06ae3808, 0x06e80000)
  to   space 4352K,   0% used [0x06e80000, 0x06e80000, 0x072c0000)
 tenured generation   total 87424K, used 50577K [0x0f2a0000, 0x14800000, 0x24800000)
   the space 87424K,  57% used [0x0f2a0000, 0x124046f8, 0x12404800, 0x14800000)
 Metaspace       used 16330K, capacity 16736K, committed 16768K, reserved 16768K
}
Event: 80138.883 GC heap before
{Heap before GC invocations=145 (full 1):
 def new generation   total 39424K, used 35726K [0x04800000, 0x072c0000, 0x0f2a0000)
  eden space 35072K, 100% used [0x04800000, 0x06a40000, 0x06a40000)
  from space 4352K,  15% used [0x06a40000, 0x06ae3808, 0x06e80000)
  to   space 4352K,   0% used [0x06e80000, 0x06e80000, 0x072c0000)
 tenured generation   total 87424K, used 50577K [0x0f2a0000, 0x14800000, 0x24800000)
   the space 87424K,  57% used [0x0f2a0000, 0x124046f8, 0x12404800, 0x14800000)
 Metaspace       used 16330K, capacity 16736K, committed 16768K, reserved 16768K
Event: 80138.884 GC heap after
Heap after GC invocations=146 (full 1):
 def new generation   total 39424K, used 618K [0x04800000, 0x072c0000, 0x0f2a0000)
  eden space 35072K,   0% used [0x04800000, 0x04800000, 0x06a40000)
  from space 4352K,  14% used [0x06e80000, 0x06f1aa60, 0x072c0000)
  to   space 4352K,   0% used [0x06a40000, 0x06a40000, 0x06e80000)
 tenured generation   total 87424K, used 50577K [0x0f2a0000, 0x14800000, 0x24800000)
   the space 87424K,  57% used [0x0f2a0000, 0x124046f8, 0x12404800, 0x14800000)
 Metaspace       used 16330K, capacity 16736K, committed 16768K, reserved 16768K
}
Event: 80381.042 GC heap before
{Heap before GC invocations=146 (full 1):
 def new generation   total 39424K, used 35690K [0x04800000, 0x072c0000, 0x0f2a0000)
  eden space 35072K, 100% used [0x04800000, 0x06a40000, 0x06a40000)
  from space 4352K,  14% used [0x06e80000, 0x06f1aa60, 0x072c0000)
  to   space 4352K,   0% used [0x06a40000, 0x06a40000, 0x06e80000)
 tenured generation   total 87424K, used 50577K [0x0f2a0000, 0x14800000, 0x24800000)
   the space 87424K,  57% used [0x0f2a0000, 0x124046f8, 0x12404800, 0x14800000)
 Metaspace       used 16330K, capacity 16736K, committed 16768K, reserved 16768K
Event: 80381.044 GC heap after
Heap after GC invocations=147 (full 1):
 def new generation   total 39424K, used 694K [0x04800000, 0x072c0000, 0x0f2a0000)
  eden space 35072K,   0% used [0x04800000, 0x04800000, 0x06a40000)
  from space 4352K,  15% used [0x06a40000, 0x06aedbd0, 0x06e80000)
  to   space 4352K,   0% used [0x06e80000, 0x06e80000, 0x072c0000)
 tenured generation   total 87424K, used 50577K [0x0f2a0000, 0x14800000, 0x24800000)
   the space 87424K,  57% used [0x0f2a0000, 0x124046f8, 0x12404800, 0x14800000)
 Metaspace       used 16330K, capacity 16736K, committed 16768K, reserved 16768K
}

